#
# There is insufficient memory for the Java Runtime Environment to continue.
# Native memory allocation (mmap) failed to map 97517568 bytes for committing reserved memory.
# Possible reasons:
#   The system is out of physical RAM or swap space
#   In 32 bit mode, the process size limit was hit
# Possible solutions:
#   Reduce memory load on the system
#   Increase physical memory or swap space
#   Check if swap backing store is full
#   Use 64 bit Java on a 64 bit OS
#   Decrease Java heap size (-Xmx/-Xms)
#   Decrease number of Java threads
#   Decrease Java thread stack sizes (-Xss)
#   Set larger code cache with -XX:ReservedCodeCacheSize=
# This output file may be truncated or incomplete.
#
#  Out of Memory Error (os_linux.cpp:2630), pid=13837, tid=0x00007fe38d310700
#
# JRE version: OpenJDK Runtime Environment (8.0_111-b14) (build 1.8.0_111-8u111-b14-2ubuntu0.16.04.2-b14)
# Java VM: OpenJDK 64-Bit Server VM (25.111-b14 mixed mode linux-amd64 compressed oops)
# Failed to write core dump. Core dumps have been disabled. To enable core dumping, try "ulimit -c unlimited" before starting Java again
#

---------------  T H R E A D  ---------------

Current thread (0x00007fe3a4079800):  VMThread [stack: 0x00007fe38d210000,0x00007fe38d311000] [id=13848]

Stack: [0x00007fe38d210000,0x00007fe38d311000],  sp=0x00007fe38d30f4c0,  free space=1021k
Native frames: (J=compiled Java code, j=interpreted, Vv=VM code, C=native code)
V  [libjvm.so+0xa64d2b]
V  [libjvm.so+0x4c2dac]
V  [libjvm.so+0x8b3ba0]
V  [libjvm.so+0x8ae01e]
V  [libjvm.so+0x9288f6]
V  [libjvm.so+0x929c23]
V  [libjvm.so+0x9262d3]
V  [libjvm.so+0x92659c]
V  [libjvm.so+0x8d8433]
V  [libjvm.so+0xa669e2]
V  [libjvm.so+0xa6bab7]
V  [libjvm.so+0xa69287]
V  [libjvm.so+0xa6a70f]
V  [libjvm.so+0xa6ac01]
V  [libjvm.so+0x8b1082]

VM_Operation (0x00007fe3abe73ff0): ParallelGCFailedAllocation, mode: safepoint, requested by thread 0x00007fe3a400c800


---------------  P R O C E S S  ---------------

Java Threads: ( => current thread )
  0x00007fe3a4a6b800 JavaThread "pool-1-thread-1" [_thread_blocked, id=13877, stack(0x00007fe3867df000,0x00007fe3868e0000)]
  0x00007fe3a49ba000 JavaThread "derby.rawStoreDaemon" daemon [_thread_blocked, id=13876, stack(0x00007fe386ae0000,0x00007fe386be1000)]
  0x00007fe3a497f800 JavaThread "Timer-0" daemon [_thread_blocked, id=13875, stack(0x00007fe3871fe000,0x00007fe3872ff000)]
  0x00007fe3a419d000 JavaThread "Monitor Ctrl-Break" daemon [_thread_in_native, id=13866, stack(0x00007fe38c3f6000,0x00007fe38c4f7000)]
  0x00007fe3a40cb800 JavaThread "Service Thread" daemon [_thread_blocked, id=13864, stack(0x00007fe38c815000,0x00007fe38c916000)]
  0x00007fe3a40b4000 JavaThread "C1 CompilerThread2" daemon [_thread_blocked, id=13863, stack(0x00007fe38c916000,0x00007fe38ca17000)]
  0x00007fe3a40b2800 JavaThread "C2 CompilerThread1" daemon [_thread_blocked, id=13862, stack(0x00007fe38ca17000,0x00007fe38cb18000)]
  0x00007fe3a40af800 JavaThread "C2 CompilerThread0" daemon [_thread_blocked, id=13861, stack(0x00007fe38cb18000,0x00007fe38cc19000)]
  0x00007fe3a40ad800 JavaThread "Signal Dispatcher" daemon [_thread_blocked, id=13860, stack(0x00007fe38cc19000,0x00007fe38cd1a000)]
  0x00007fe3a4086000 JavaThread "Finalizer" daemon [_thread_blocked, id=13853, stack(0x00007fe38d00e000,0x00007fe38d10f000)]
  0x00007fe3a4081800 JavaThread "Reference Handler" daemon [_thread_blocked, id=13851, stack(0x00007fe38d10f000,0x00007fe38d210000)]
  0x00007fe3a400c800 JavaThread "main" [_thread_blocked, id=13838, stack(0x00007fe3abd79000,0x00007fe3abe7a000)]

Other Threads:
=>0x00007fe3a4079800 VMThread [stack: 0x00007fe38d210000,0x00007fe38d311000] [id=13848]
  0x00007fe3a40ce000 WatcherThread [stack: 0x00007fe38c714000,0x00007fe38c815000] [id=13865]

VM state:at safepoint (normal execution)

VM Mutex/Monitor currently owned by a thread:  ([mutex/lock_event])
[0x00007fe3a4008c00] Threads_lock - owner thread: 0x00007fe3a4079800
[0x00007fe3a4009100] Heap_lock - owner thread: 0x00007fe3a400c800

Heap:
 PSYoungGen      total 130560K, used 7679K [0x00000000ec180000, 0x00000000f4880000, 0x0000000100000000)
  eden space 122880K, 0% used [0x00000000ec180000,0x00000000ec180000,0x00000000f3980000)
  from space 7680K, 99% used [0x00000000f3980000,0x00000000f40ffec8,0x00000000f4100000)
  to   space 7680K, 0% used [0x00000000f4100000,0x00000000f4100000,0x00000000f4880000)
 ParOldGen       total 32256K, used 16076K [0x00000000c4400000, 0x00000000c6380000, 0x00000000ec180000)
  object space 32256K, 49% used [0x00000000c4400000,0x00000000c53b33d8,0x00000000c6380000)
 Metaspace       used 33541K, capacity 34066K, committed 34304K, reserved 1079296K
  class space    used 4163K, capacity 4334K, committed 4352K, reserved 1048576K

Card table byte_map: [0x00007fe3a825a000,0x00007fe3a8439000] byte_map_base: 0x00007fe3a7c38000

Marking Bits: (ParMarkBitMap*) 0x00007fe3ab048220
 Begin Bits: [0x00007fe38e220000, 0x00007fe38f110000)
 End Bits:   [0x00007fe38f110000, 0x00007fe390000000)

Polling page: 0x00007fe3abe9a000

CodeCache: size=245760Kb used=9342Kb max_used=9393Kb free=236417Kb
 bounds [0x00007fe395000000, 0x00007fe395940000, 0x00007fe3a4000000]
 total_blobs=3453 nmethods=2862 adapters=505
 compilation: enabled

Compilation events (10 events):
Event: 8.032 Thread 0x00007fe3a40b4000 2870       3       sun.reflect.ClassFileAssembler::emitConstantPoolMethodref (28 bytes)
Event: 8.050 Thread 0x00007fe3a40b4000 nmethod 2870 0x00007fe3958ec490 code [0x00007fe3958ec6a0, 0x00007fe3958ecd68]
Event: 8.067 Thread 0x00007fe3a40b4000 2871       3       java.util.HashMap::keySet (25 bytes)
Event: 8.068 Thread 0x00007fe3a40b4000 nmethod 2871 0x00007fe3958e1bd0 code [0x00007fe3958e1d60, 0x00007fe3958e20f0]
Event: 8.088 Thread 0x00007fe3a40b4000 2872       3       java.util.HashMap$KeySet::iterator (12 bytes)
Event: 8.089 Thread 0x00007fe3a40b4000 nmethod 2872 0x00007fe3958ed310 code [0x00007fe3958ed480, 0x00007fe3958ed6e8]
Event: 19.606 Thread 0x00007fe3a40b2800 nmethod 2855 0x00007fe395902650 code [0x00007fe395903320, 0x00007fe39590ca70]
Event: 19.856 Thread 0x00007fe3a40af800 nmethod 2854 0x00007fe39591eb10 code [0x00007fe39591f8a0, 0x00007fe395929168]
Event: 20.034 Thread 0x00007fe3a40af800 2859       4       sun.reflect.DelegatingConstructorAccessorImpl::newInstance (9 bytes)
Event: 24.625 Thread 0x00007fe3a40af800 nmethod 2859 0x00007fe3951638d0 code [0x00007fe395163a20, 0x00007fe395163a98]

GC Heap History (10 events):
Event: 2.609 GC heap after
Heap after GC invocations=3 (full 0):
 PSYoungGen      total 33280K, used 2537K [0x00000000ec180000, 0x00000000f0280000, 0x0000000100000000)
  eden space 30720K, 0% used [0x00000000ec180000,0x00000000ec180000,0x00000000edf80000)
  from space 2560K, 99% used [0x00000000edf80000,0x00000000ee1fa7a8,0x00000000ee200000)
  to   space 2560K, 0% used [0x00000000f0000000,0x00000000f0000000,0x00000000f0280000)
 ParOldGen       total 40960K, used 2279K [0x00000000c4400000, 0x00000000c6c00000, 0x00000000ec180000)
  object space 40960K, 5% used [0x00000000c4400000,0x00000000c4639fc0,0x00000000c6c00000)
 Metaspace       used 12655K, capacity 12800K, committed 13056K, reserved 1060864K
  class space    used 1496K, capacity 1528K, committed 1536K, reserved 1048576K
}
Event: 3.131 GC heap before
{Heap before GC invocations=4 (full 0):
 PSYoungGen      total 33280K, used 33257K [0x00000000ec180000, 0x00000000f0280000, 0x0000000100000000)
  eden space 30720K, 100% used [0x00000000ec180000,0x00000000edf80000,0x00000000edf80000)
  from space 2560K, 99% used [0x00000000edf80000,0x00000000ee1fa7a8,0x00000000ee200000)
  to   space 2560K, 0% used [0x00000000f0000000,0x00000000f0000000,0x00000000f0280000)
 ParOldGen       total 40960K, used 2279K [0x00000000c4400000, 0x00000000c6c00000, 0x00000000ec180000)
  object space 40960K, 5% used [0x00000000c4400000,0x00000000c4639fc0,0x00000000c6c00000)
 Metaspace       used 13377K, capacity 13478K, committed 13696K, reserved 1060864K
  class space    used 1588K, capacity 1625K, committed 1664K, reserved 1048576K
Event: 3.154 GC heap after
Heap after GC invocations=4 (full 0):
 PSYoungGen      total 64000K, used 2538K [0x00000000ec180000, 0x00000000f0280000, 0x0000000100000000)
  eden space 61440K, 0% used [0x00000000ec180000,0x00000000ec180000,0x00000000efd80000)
  from space 2560K, 99% used [0x00000000f0000000,0x00000000f027a990,0x00000000f0280000)
  to   space 2560K, 0% used [0x00000000efd80000,0x00000000efd80000,0x00000000f0000000)
 ParOldGen       total 40960K, used 3170K [0x00000000c4400000, 0x00000000c6c00000, 0x00000000ec180000)
  object space 40960K, 7% used [0x00000000c4400000,0x00000000c4718b88,0x00000000c6c00000)
 Metaspace       used 13377K, capacity 13478K, committed 13696K, reserved 1060864K
  class space    used 1588K, capacity 1625K, committed 1664K, reserved 1048576K
}
Event: 4.434 GC heap before
{Heap before GC invocations=5 (full 0):
 PSYoungGen      total 64000K, used 63978K [0x00000000ec180000, 0x00000000f0280000, 0x0000000100000000)
  eden space 61440K, 100% used [0x00000000ec180000,0x00000000efd80000,0x00000000efd80000)
  from space 2560K, 99% used [0x00000000f0000000,0x00000000f027a990,0x00000000f0280000)
  to   space 2560K, 0% used [0x00000000efd80000,0x00000000efd80000,0x00000000f0000000)
 ParOldGen       total 40960K, used 3170K [0x00000000c4400000, 0x00000000c6c00000, 0x00000000ec180000)
  object space 40960K, 7% used [0x00000000c4400000,0x00000000c4718b88,0x00000000c6c00000)
 Metaspace       used 20561K, capacity 20828K, committed 21120K, reserved 1067008K
  class space    used 2546K, capacity 2648K, committed 2688K, reserved 1048576K
Event: 4.495 GC heap after
Heap after GC invocations=5 (full 0):
 PSYoungGen      total 64000K, used 2528K [0x00000000ec180000, 0x00000000f4880000, 0x0000000100000000)
  eden space 61440K, 0% used [0x00000000ec180000,0x00000000ec180000,0x00000000efd80000)
  from space 2560K, 98% used [0x00000000efd80000,0x00000000efff8040,0x00000000f0000000)
  to   space 7680K, 0% used [0x00000000f4100000,0x00000000f4100000,0x00000000f4880000)
 ParOldGen       total 40960K, used 8470K [0x00000000c4400000, 0x00000000c6c00000, 0x00000000ec180000)
  object space 40960K, 20% used [0x00000000c4400000,0x00000000c4c45a30,0x00000000c6c00000)
 Metaspace       used 20561K, capacity 20828K, committed 21120K, reserved 1067008K
  class space    used 2546K, capacity 2648K, committed 2688K, reserved 1048576K
}
Event: 4.539 GC heap before
{Heap before GC invocations=6 (full 0):
 PSYoungGen      total 64000K, used 3858K [0x00000000ec180000, 0x00000000f4880000, 0x0000000100000000)
  eden space 61440K, 2% used [0x00000000ec180000,0x00000000ec2cc8e0,0x00000000efd80000)
  from space 2560K, 98% used [0x00000000efd80000,0x00000000efff8040,0x00000000f0000000)
  to   space 7680K, 0% used [0x00000000f4100000,0x00000000f4100000,0x00000000f4880000)
 ParOldGen       total 40960K, used 8470K [0x00000000c4400000, 0x00000000c6c00000, 0x00000000ec180000)
  object space 40960K, 20% used [0x00000000c4400000,0x00000000c4c45a30,0x00000000c6c00000)
 Metaspace       used 20905K, capacity 21116K, committed 21296K, reserved 1069056K
  class space    used 2594K, capacity 2680K, committed 2688K, reserved 1048576K
Event: 4.557 GC heap after
Heap after GC invocations=6 (full 0):
 PSYoungGen      total 130560K, used 2752K [0x00000000ec180000, 0x00000000f4880000, 0x0000000100000000)
  eden space 122880K, 0% used [0x00000000ec180000,0x00000000ec180000,0x00000000f3980000)
  from space 7680K, 35% used [0x00000000f4100000,0x00000000f43b0040,0x00000000f4880000)
  to   space 7680K, 0% used [0x00000000f3980000,0x00000000f3980000,0x00000000f4100000)
 ParOldGen       total 40960K, used 8478K [0x00000000c4400000, 0x00000000c6c00000, 0x00000000ec180000)
  object space 40960K, 20% used [0x00000000c4400000,0x00000000c4c47a30,0x00000000c6c00000)
 Metaspace       used 20905K, capacity 21116K, committed 21296K, reserved 1069056K
  class space    used 2594K, capacity 2680K, committed 2688K, reserved 1048576K
}
Event: 4.558 GC heap before
{Heap before GC invocations=7 (full 1):
 PSYoungGen      total 130560K, used 2752K [0x00000000ec180000, 0x00000000f4880000, 0x0000000100000000)
  eden space 122880K, 0% used [0x00000000ec180000,0x00000000ec180000,0x00000000f3980000)
  from space 7680K, 35% used [0x00000000f4100000,0x00000000f43b0040,0x00000000f4880000)
  to   space 7680K, 0% used [0x00000000f3980000,0x00000000f3980000,0x00000000f4100000)
 ParOldGen       total 40960K, used 8478K [0x00000000c4400000, 0x00000000c6c00000, 0x00000000ec180000)
  object space 40960K, 20% used [0x00000000c4400000,0x00000000c4c47a30,0x00000000c6c00000)
 Metaspace       used 20905K, capacity 21116K, committed 21296K, reserved 1069056K
  class space    used 2594K, capacity 2680K, committed 2688K, reserved 1048576K
Event: 4.705 GC heap after
Heap after GC invocations=7 (full 1):
 PSYoungGen      total 130560K, used 0K [0x00000000ec180000, 0x00000000f4880000, 0x0000000100000000)
  eden space 122880K, 0% used [0x00000000ec180000,0x00000000ec180000,0x00000000f3980000)
  from space 7680K, 0% used [0x00000000f4100000,0x00000000f4100000,0x00000000f4880000)
  to   space 7680K, 0% used [0x00000000f3980000,0x00000000f3980000,0x00000000f4100000)
 ParOldGen       total 32256K, used 8073K [0x00000000c4400000, 0x00000000c6380000, 0x00000000ec180000)
  object space 32256K, 25% used [0x00000000c4400000,0x00000000c4be2568,0x00000000c6380000)
 Metaspace       used 20905K, capacity 21116K, committed 21296K, reserved 1069056K
  class space    used 2594K, capacity 2680K, committed 2688K, reserved 1048576K
}
Event: 27.725 GC heap before
{Heap before GC invocations=8 (full 1):
 PSYoungGen      total 130560K, used 122880K [0x00000000ec180000, 0x00000000f4880000, 0x0000000100000000)
  eden space 122880K, 100% used [0x00000000ec180000,0x00000000f3980000,0x00000000f3980000)
  from space 7680K, 0% used [0x00000000f4100000,0x00000000f4100000,0x00000000f4880000)
  to   space 7680K, 0% used [0x00000000f3980000,0x00000000f3980000,0x00000000f4100000)
 ParOldGen       total 32256K, used 8073K [0x00000000c4400000, 0x00000000c6380000, 0x00000000ec180000)
  object space 32256K, 25% used [0x00000000c4400000,0x00000000c4be2568,0x00000000c6380000)
 Metaspace       used 33541K, capacity 34066K, committed 34304K, reserved 1079296K
  class space    used 4163K, capacity 4334K, committed 4352K, reserved 1048576K

Deoptimization events (10 events):
Event: 6.612 Thread 0x00007fe3a400c800 Uncommon trap: reason=unstable_if action=reinterpret pc=0x00007fe3955d82c8 method=org.apache.derby.iapi.services.io.DynamicByteArrayOutputStream.write(I)V @ 9
Event: 6.631 Thread 0x00007fe3a400c800 Uncommon trap: reason=class_check action=maybe_recompile pc=0x00007fe3956431a8 method=org.apache.derby.iapi.services.io.CompressedNumber.writeInt(Ljava/io/OutputStream;I)I @ 40
Event: 6.631 Thread 0x00007fe3a400c800 Uncommon trap: reason=class_check action=maybe_recompile pc=0x00007fe3956431a8 method=org.apache.derby.iapi.services.io.CompressedNumber.writeInt(Ljava/io/OutputStream;I)I @ 40
Event: 6.634 Thread 0x00007fe3a400c800 Uncommon trap: reason=unstable_if action=reinterpret pc=0x00007fe3957e8970 method=org.apache.derby.impl.services.locks.Lock.equals(Ljava/lang/Object;)Z @ 20
Event: 6.639 Thread 0x00007fe3a400c800 Uncommon trap: reason=class_check action=maybe_recompile pc=0x00007fe39553f6d4 method=java.lang.ClassLoader.loadClass(Ljava/lang/String;Z)Ljava/lang/Class; @ 38
Event: 6.644 Thread 0x00007fe3a400c800 Uncommon trap: reason=class_check action=maybe_recompile pc=0x00007fe39553f6d4 method=java.lang.ClassLoader.loadClass(Ljava/lang/String;Z)Ljava/lang/Class; @ 38
Event: 6.644 Thread 0x00007fe3a400c800 Uncommon trap: reason=class_check action=maybe_recompile pc=0x00007fe39553f6d4 method=java.lang.ClassLoader.loadClass(Ljava/lang/String;Z)Ljava/lang/Class; @ 38
Event: 6.680 Thread 0x00007fe3a400c800 Uncommon trap: reason=unstable_if action=reinterpret pc=0x00007fe3956e919c method=org.apache.derby.iapi.types.SQLChar.getLength()I @ 156
Event: 6.719 Thread 0x00007fe3a400c800 Uncommon trap: reason=unstable_if action=reinterpret pc=0x00007fe3954aedac method=java.lang.ClassLoader.checkName(Ljava/lang/String;)Z @ 36
Event: 6.719 Thread 0x00007fe3a400c800 Uncommon trap: reason=unstable_if action=reinterpret pc=0x00007fe3951dd34c method=java.util.BitSet.get(I)Z @ 60

Internal exceptions (10 events):
Event: 3.457 Thread 0x00007fe3a400c800 Exception <a 'java/lang/NoSuchFieldError': method resolution failed> (0x00000000ed2076c8) thrown at [/build/openjdk-8-8jAw7G/openjdk-8-8u111-b14/src/hotspot/src/share/vm/prims/methodHandles.cpp, line 1146]
Event: 3.463 Thread 0x00007fe3a400c800 Exception <a 'java/lang/NoSuchFieldError': method resolution failed> (0x00000000ed215158) thrown at [/build/openjdk-8-8jAw7G/openjdk-8-8u111-b14/src/hotspot/src/share/vm/prims/methodHandles.cpp, line 1146]
Event: 3.923 Thread 0x00007fe3a400c800 Implicit null exception at 0x00007fe39537ea98 to 0x00007fe39537eb26
Event: 4.893 Thread 0x00007fe3a400c800 Exception <a 'java/security/PrivilegedActionException'> (0x00000000ec589848) thrown at [/build/openjdk-8-8jAw7G/openjdk-8-8u111-b14/src/hotspot/src/share/vm/prims/jvm.cpp, line 1386]
Event: 4.968 Thread 0x00007fe3a49ba000 Implicit null exception at 0x00007fe39541d77c to 0x00007fe39541d841
Event: 6.609 Thread 0x00007fe3a400c800 Exception <a 'java/lang/NoSuchMethodError': <clinit>> (0x00000000eff0eaa0) thrown at [/build/openjdk-8-8jAw7G/openjdk-8-8u111-b14/src/hotspot/src/share/vm/prims/jni.cpp, line 1613]
Event: 7.837 Thread 0x00007fe3a400c800 Exception <a 'java/security/PrivilegedActionException'> (0x00000000f2d9cd38) thrown at [/build/openjdk-8-8jAw7G/openjdk-8-8u111-b14/src/hotspot/src/share/vm/prims/jvm.cpp, line 1386]
Event: 7.837 Thread 0x00007fe3a400c800 Exception <a 'java/security/PrivilegedActionException'> (0x00000000f2d9d318) thrown at [/build/openjdk-8-8jAw7G/openjdk-8-8u111-b14/src/hotspot/src/share/vm/prims/jvm.cpp, line 1386]
Event: 7.838 Thread 0x00007fe3a400c800 Exception <a 'java/security/PrivilegedActionException'> (0x00000000f2da6028) thrown at [/build/openjdk-8-8jAw7G/openjdk-8-8u111-b14/src/hotspot/src/share/vm/prims/jvm.cpp, line 1386]
Event: 7.838 Thread 0x00007fe3a400c800 Exception <a 'java/security/PrivilegedActionException'> (0x00000000f2da6608) thrown at [/build/openjdk-8-8jAw7G/openjdk-8-8u111-b14/src/hotspot/src/share/vm/prims/jvm.cpp, line 1386]

Events (10 events):
Event: 27.707 loading class org/hibernate/validator/internal/metadata/raw/ConstrainedField done
Event: 27.708 loading class org/hibernate/validator/internal/metadata/raw/AbstractConstrainedElement
Event: 27.708 loading class org/hibernate/validator/internal/metadata/raw/AbstractConstrainedElement done
Event: 27.709 loading class org/hibernate/validator/internal/metadata/raw/ConstrainedElement
Event: 27.709 loading class org/hibernate/validator/internal/metadata/raw/ConstrainedElement done
Event: 27.710 loading class org/hibernate/validator/internal/metadata/raw/ConfigurationSource
Event: 27.710 loading class org/hibernate/validator/internal/metadata/raw/ConfigurationSource done
Event: 27.711 loading class org/hibernate/validator/internal/metadata/raw/ConstrainedElement$ConstrainedElementKind
Event: 27.711 loading class org/hibernate/validator/internal/metadata/raw/ConstrainedElement$ConstrainedElementKind done
Event: 27.718 Executing VM operation: ParallelGCFailedAllocation


Dynamic libraries:
00400000-00401000 r-xp 00000000 08:02 792177                             /usr/lib/jvm/java-8-openjdk-amd64/jre/bin/java
00600000-00601000 r--p 00000000 08:02 792177                             /usr/lib/jvm/java-8-openjdk-amd64/jre/bin/java
00601000-00602000 rw-p 00001000 08:02 792177                             /usr/lib/jvm/java-8-openjdk-amd64/jre/bin/java
0259d000-025be000 rw-p 00000000 00:00 0                                  [heap]
c4400000-c6380000 rw-p 00000000 00:00 0 
c6380000-ec180000 ---p 00000000 00:00 0 
ec180000-f4880000 rw-p 00000000 00:00 0 
fa580000-100000000 ---p 00000000 00:00 0 
100000000-100440000 rw-p 00000000 00:00 0 
100440000-140000000 ---p 00000000 00:00 0 
7fe348000000-7fe348021000 rw-p 00000000 00:00 0 
7fe348021000-7fe34c000000 ---p 00000000 00:00 0 
7fe34c000000-7fe34c021000 rw-p 00000000 00:00 0 
7fe34c021000-7fe350000000 ---p 00000000 00:00 0 
7fe350000000-7fe350021000 rw-p 00000000 00:00 0 
7fe350021000-7fe354000000 ---p 00000000 00:00 0 
7fe354000000-7fe354021000 rw-p 00000000 00:00 0 
7fe354021000-7fe358000000 ---p 00000000 00:00 0 
7fe358000000-7fe358021000 rw-p 00000000 00:00 0 
7fe358021000-7fe35c000000 ---p 00000000 00:00 0 
7fe35c000000-7fe35c021000 rw-p 00000000 00:00 0 
7fe35c021000-7fe360000000 ---p 00000000 00:00 0 
7fe360000000-7fe361854000 rw-p 00000000 00:00 0 
7fe361854000-7fe364000000 ---p 00000000 00:00 0 
7fe364000000-7fe3645a3000 rw-p 00000000 00:00 0 
7fe3645a3000-7fe368000000 ---p 00000000 00:00 0 
7fe368000000-7fe368021000 rw-p 00000000 00:00 0 
7fe368021000-7fe36c000000 ---p 00000000 00:00 0 
7fe36c000000-7fe36dbe9000 rw-p 00000000 00:00 0 
7fe36dbe9000-7fe370000000 ---p 00000000 00:00 0 
7fe370000000-7fe370021000 rw-p 00000000 00:00 0 
7fe370021000-7fe374000000 ---p 00000000 00:00 0 
7fe374000000-7fe374021000 rw-p 00000000 00:00 0 
7fe374021000-7fe378000000 ---p 00000000 00:00 0 
7fe378000000-7fe378021000 rw-p 00000000 00:00 0 
7fe378021000-7fe37c000000 ---p 00000000 00:00 0 
7fe37c000000-7fe37c021000 rw-p 00000000 00:00 0 
7fe37c021000-7fe380000000 ---p 00000000 00:00 0 
7fe380000000-7fe380021000 rw-p 00000000 00:00 0 
7fe380021000-7fe384000000 ---p 00000000 00:00 0 
7fe385fdf000-7fe38611f000 rw-p 00000000 00:00 0 
7fe38611f000-7fe3861df000 ---p 00000000 00:00 0 
7fe3861df000-7fe3863df000 rw-p 00000000 00:00 0 
7fe3863df000-7fe3865df000 rw-p 00000000 00:00 0 
7fe3865df000-7fe3867df000 rw-p 00000000 00:00 0 
7fe3867df000-7fe3867e2000 ---p 00000000 00:00 0 
7fe3867e2000-7fe386ae0000 rw-p 00000000 00:00 0                          [stack:13877]
7fe386ae0000-7fe386ae3000 ---p 00000000 00:00 0 
7fe386ae3000-7fe386be1000 rw-p 00000000 00:00 0                          [stack:13876]
7fe386be1000-7fe386bf2000 r-xp 00000000 08:02 791423                     /usr/lib/jvm/java-8-openjdk-amd64/jre/lib/amd64/libnio.so
7fe386bf2000-7fe386df2000 ---p 00011000 08:02 791423                     /usr/lib/jvm/java-8-openjdk-amd64/jre/lib/amd64/libnio.so
7fe386df2000-7fe386df3000 r--p 00011000 08:02 791423                     /usr/lib/jvm/java-8-openjdk-amd64/jre/lib/amd64/libnio.so
7fe386df3000-7fe386df4000 rw-p 00012000 08:02 791423                     /usr/lib/jvm/java-8-openjdk-amd64/jre/lib/amd64/libnio.so
7fe386df4000-7fe386dfd000 r-xp 00000000 08:02 791452                     /usr/lib/jvm/java-8-openjdk-amd64/jre/lib/amd64/libmanagement.so
7fe386dfd000-7fe386ffc000 ---p 00009000 08:02 791452                     /usr/lib/jvm/java-8-openjdk-amd64/jre/lib/amd64/libmanagement.so
7fe386ffc000-7fe386ffd000 r--p 00008000 08:02 791452                     /usr/lib/jvm/java-8-openjdk-amd64/jre/lib/amd64/libmanagement.so
7fe386ffd000-7fe386ffe000 rw-p 00009000 08:02 791452                     /usr/lib/jvm/java-8-openjdk-amd64/jre/lib/amd64/libmanagement.so
7fe386ffe000-7fe3871fe000 rw-p 00000000 00:00 0 
7fe3871fe000-7fe387201000 ---p 00000000 00:00 0 
7fe387201000-7fe3874ff000 rw-p 00000000 00:00 0                          [stack:13875]
7fe3874ff000-7fe3876ff000 rw-p 00000000 00:00 0 
7fe3876ff000-7fe3878ff000 rw-p 00000000 00:00 0 
7fe3878ff000-7fe387aff000 rw-p 00000000 00:00 0 
7fe387aff000-7fe387cff000 rw-p 00000000 00:00 0 
7fe387cff000-7fe388000000 rw-p 00000000 00:00 0 
7fe388000000-7fe388021000 rw-p 00000000 00:00 0 
7fe388021000-7fe38c000000 ---p 00000000 00:00 0 
7fe38c01b000-7fe38c01f000 r--s 00097000 08:02 791761                     /usr/lib/jvm/java-8-openjdk-amd64/jre/lib/jsse.jar
7fe38c01f000-7fe38c022000 r--s 00015000 08:02 791757                     /usr/lib/jvm/java-8-openjdk-amd64/jre/lib/jce.jar
7fe38c022000-7fe38c02b000 r--s 0006f000 08:02 1480408                    /home/denis/.m2/repository/log4j/log4j/1.2.17/log4j-1.2.17.jar
7fe38c02b000-7fe38c02c000 r--s 00002000 08:02 529900                     /home/denis/.m2/repository/org/slf4j/slf4j-log4j12/1.7.21/slf4j-log4j12-1.7.21.jar
7fe38c02c000-7fe38c04a000 r--s 00110000 08:02 1057602                    /home/denis/.m2/repository/org/mockito/mockito-all/2.0.2-beta/mockito-all-2.0.2-beta.jar
7fe38c04a000-7fe38c04c000 r--s 00003000 08:02 801411                     /home/denis/.m2/repository/org/slf4j/jcl-over-slf4j/1.7.5/jcl-over-slf4j-1.7.5.jar
7fe38c04c000-7fe38c04e000 r--s 00005000 08:02 675008                     /home/denis/.m2/repository/org/slf4j/slf4j-api/1.7.5/slf4j-api-1.7.5.jar
7fe38c04e000-7fe38c055000 r--s 00058000 08:02 1328865                    /home/denis/.m2/repository/org/apache/commons/commons-lang3/3.2.1/commons-lang3-3.2.1.jar
7fe38c055000-7fe38c063000 r--s 0007f000 08:02 1191579                    /home/denis/.m2/repository/commons-collections/commons-collections/3.2.1/commons-collections-3.2.1.jar
7fe38c063000-7fe38c068000 r--s 00034000 08:02 1442719                    /home/denis/.m2/repository/commons-beanutils/commons-beanutils/1.9.1/commons-beanutils-1.9.1.jar
7fe38c068000-7fe38c06e000 r--s 0003e000 08:02 675003                     /home/denis/.m2/repository/net/sf/dozer/dozer/5.5.1/dozer-5.5.1.jar
7fe38c06e000-7fe38c06f000 r--s 00000000 08:02 1480400                    /home/denis/.m2/repository/javax/inject/javax.inject/1/javax.inject-1.jar
7fe38c06f000-7fe38c071000 r--s 00009000 08:02 542736                     /home/denis/.m2/repository/org/hamcrest/hamcrest-core/1.3/hamcrest-core-1.3.jar
7fe38c071000-7fe38c079000 r--s 00045000 08:02 542729                     /home/denis/.m2/repository/junit/junit/4.12/junit-4.12.jar
7fe38c079000-7fe38c0a8000 r--s 002e5000 08:02 529942                     /home/denis/.m2/repository/org/apache/derby/derby/10.12.1.1/derby-10.12.1.1.jar
7fe38c0a8000-7fe38c0ab000 r--s 0001a000 08:02 1466168                    /home/denis/.m2/repository/org/glassfish/web/javax.el/2.2.6/javax.el-2.2.6.jar
7fe38c0ab000-7fe38c0ad000 r--s 00010000 08:02 1466166                    /home/denis/.m2/repository/javax/el/javax.el-api/3.0.0/javax.el-api-3.0.0.jar
7fe38c0ad000-7fe38c0b1000 r--s 0000c000 08:02 1192034                    /home/denis/.m2/repository/javax/validation/validation-api/1.1.0.Final/validation-api-1.1.0.Final.jar
7fe38c0b1000-7fe38c0c1000 r--s 000a1000 08:02 1329118                    /home/denis/.m2/repository/org/hibernate/hibernate-validator/5.3.1.Final/hibernate-validator-5.3.1.Final.jar
7fe38c0c1000-7fe38c0c6000 r--s 00017000 08:02 1481313                    /home/denis/.m2/repository/org/hibernate/javax/persistence/hibernate-jpa-2.1-api/1.0.0.Final/hibernate-jpa-2.1-api-1.0.0.Final.jar
7fe38c0c6000-7fe38c0c7000 r--s 00001000 08:02 1480396                    /home/denis/.m2/repository/javax/annotation/jsr250-api/1.0/jsr250-api-1.0.jar
7fe38c0c7000-7fe38c0c8000 r--s 00001000 08:02 1481310                    /home/denis/.m2/repository/org/jboss/spec/javax/interceptor/jboss-interceptors-api_1.1_spec/1.0.0.Beta1/jboss-interceptors-api_1.1_spec-1.0.0.Beta1.jar
7fe38c0c8000-7fe38c0ca000 r--s 00007000 08:02 1481308                    /home/denis/.m2/repository/javax/el/el-api/2.2/el-api-2.2.jar
7fe38c0ca000-7fe38c0ce000 r--s 0000e000 08:02 1481306                    /home/denis/.m2/repository/javax/enterprise/cdi-api/1.1/cdi-api-1.1.jar
7fe38c0ce000-7fe38c0d1000 r--s 00010000 08:02 1481304                    /home/denis/.m2/repository/org/hibernate/common/hibernate-commons-annotations/5.0.1.Final/hibernate-commons-annotations-5.0.1.Final.jar
7fe38c0d1000-7fe38c0d6000 r--s 00048000 08:02 1481302                    /home/denis/.m2/repository/dom4j/dom4j/1.6.1/dom4j-1.6.1.jar
7fe38c0d6000-7fe38c0d8000 r--s 0000e000 08:02 1481300                    /home/denis/.m2/repository/com/fasterxml/classmate/1.3.0/classmate-1.3.0.jar
7fe38c0d8000-7fe38c0db000 r--s 0002b000 08:02 1481297                    /home/denis/.m2/repository/org/jboss/jandex/2.0.0.Final/jandex-2.0.0.Final.jar
7fe38c0db000-7fe38c0dc000 r--s 00003000 08:02 1481298                    /home/denis/.m2/repository/org/apache/geronimo/specs/geronimo-jta_1.1_spec/1.1.1/geronimo-jta_1.1_spec-1.1.1.jar
7fe38c0dc000-7fe38c0e1000 r--s 00068000 08:02 1481295                    /home/denis/.m2/repository/antlr/antlr/2.7.7/antlr-2.7.7.jar
7fe38c0e1000-7fe38c0eb000 r--s 000ae000 08:02 1481296                    /home/denis/.m2/repository/org/javassist/javassist/3.20.0-GA/javassist-3.20.0-GA.jar
7fe38c0eb000-7fe38c163000 r--s 005a9000 08:02 1466163                    /home/denis/.m2/repository/org/hibernate/hibernate-core/5.2.4.Final/hibernate-core-5.2.4.Final.jar
7fe38c163000-7fe38c16b000 r--s 0003a000 08:02 1329116                    /home/denis/.m2/repository/org/springframework/spring-tx/4.3.4.RELEASE/spring-tx-4.3.4.RELEASE.jar
7fe38c16b000-7fe38c170000 r--s 0003c000 08:02 1329113                    /home/denis/.m2/repository/org/springframework/spring-expression/4.3.4.RELEASE/spring-expression-4.3.4.RELEASE.jar
7fe38c170000-7fe38c179000 r--s 00054000 08:02 1329112                    /home/denis/.m2/repository/org/springframework/spring-aop/4.3.4.RELEASE/spring-aop-4.3.4.RELEASE.jar
7fe38c179000-7fe38c193000 r--s 000fc000 08:02 1329109                    /home/denis/.m2/repository/org/springframework/spring-context/4.3.4.RELEASE/spring-context-4.3.4.RELEASE.jar
7fe38c193000-7fe38c19d000 r--s 0005f000 08:02 1329105                    /home/denis/.m2/repository/org/springframework/spring-jdbc/4.3.4.RELEASE/spring-jdbc-4.3.4.RELEASE.jar
7fe38c19d000-7fe38c1ab000 r--s 000ac000 08:02 1329107                    /home/denis/.m2/repository/org/springframework/spring-beans/4.3.4.RELEASE/spring-beans-4.3.4.RELEASE.jar
7fe38c1ab000-7fe38c1b5000 r--s 0006b000 08:02 1329103                    /home/denis/.m2/repository/org/springframework/spring-orm/4.3.4.RELEASE/spring-orm-4.3.4.RELEASE.jar
7fe38c1b5000-7fe38c1cb000 r--s 000fa000 08:02 1329106                    /home/denis/.m2/repository/org/springframework/spring-core/4.3.4.RELEASE/spring-core-4.3.4.RELEASE.jar
7fe38c1cb000-7fe38c1de000 r--s 00346000 08:02 791473                     /usr/lib/jvm/java-8-openjdk-amd64/jre/lib/resources.jar
7fe38c1de000-7fe38c1f5000 r-xp 00000000 08:02 791448                     /usr/lib/jvm/java-8-openjdk-amd64/jre/lib/amd64/libnet.so
7fe38c1f5000-7fe38c3f4000 ---p 00017000 08:02 791448                     /usr/lib/jvm/java-8-openjdk-amd64/jre/lib/amd64/libnet.so
7fe38c3f4000-7fe38c3f5000 r--p 00016000 08:02 791448                     /usr/lib/jvm/java-8-openjdk-amd64/jre/lib/amd64/libnet.so
7fe38c3f5000-7fe38c3f6000 rw-p 00017000 08:02 791448                     /usr/lib/jvm/java-8-openjdk-amd64/jre/lib/amd64/libnet.so
7fe38c3f6000-7fe38c3f9000 ---p 00000000 00:00 0 
7fe38c3f9000-7fe38c4f7000 rw-p 00000000 00:00 0                          [stack:13866]
7fe38c4f7000-7fe38c4f8000 r-xp 00000000 08:02 656310                     /home/denis/bin/idea-IU-163.7743.44/bin/libbreakgen64.so
7fe38c4f8000-7fe38c6f7000 ---p 00001000 08:02 656310                     /home/denis/bin/idea-IU-163.7743.44/bin/libbreakgen64.so
7fe38c6f7000-7fe38c6f8000 r--p 00000000 08:02 656310                     /home/denis/bin/idea-IU-163.7743.44/bin/libbreakgen64.so
7fe38c6f8000-7fe38c6f9000 rw-p 00001000 08:02 656310                     /home/denis/bin/idea-IU-163.7743.44/bin/libbreakgen64.so
7fe38c6f9000-7fe38c714000 r--s 001d5000 08:02 791458                     /usr/lib/jvm/java-8-openjdk-amd64/jre/lib/ext/nashorn.jar
7fe38c714000-7fe38c715000 ---p 00000000 00:00 0 
7fe38c715000-7fe38c815000 rw-p 00000000 00:00 0                          [stack:13865]
7fe38c815000-7fe38c818000 ---p 00000000 00:00 0 
7fe38c818000-7fe38c916000 rw-p 00000000 00:00 0                          [stack:13864]
7fe38c916000-7fe38c919000 ---p 00000000 00:00 0 
7fe38c919000-7fe38ca17000 rw-p 00000000 00:00 0                          [stack:13863]
7fe38ca17000-7fe38ca1a000 ---p 00000000 00:00 0 
7fe38ca1a000-7fe38cb18000 rw-p 00000000 00:00 0                          [stack:13862]
7fe38cb18000-7fe38cb1b000 ---p 00000000 00:00 0 
7fe38cb1b000-7fe38cc19000 rw-p 00000000 00:00 0                          [stack:13861]
7fe38cc19000-7fe38cc1c000 ---p 00000000 00:00 0 
7fe38cc1c000-7fe38cd1a000 rw-p 00000000 00:00 0                          [stack:13860]
7fe38cd1a000-7fe38d00e000 r--p 00000000 08:02 918246                     /usr/lib/locale/locale-archive
7fe38d00e000-7fe38d011000 ---p 00000000 00:00 0 
7fe38d011000-7fe38d10f000 rw-p 00000000 00:00 0                          [stack:13853]
7fe38d10f000-7fe38d112000 ---p 00000000 00:00 0 
7fe38d112000-7fe38d210000 rw-p 00000000 00:00 0                          [stack:13851]
7fe38d210000-7fe38d211000 ---p 00000000 00:00 0 
7fe38d211000-7fe390000000 rw-p 00000000 00:00 0                          [stack:13848]
7fe390000000-7fe390021000 rw-p 00000000 00:00 0 
7fe390021000-7fe394000000 ---p 00000000 00:00 0 
7fe394000000-7fe394002000 r--s 0000f000 08:02 542701                     /home/denis/.m2/repository/org/jboss/logging/jboss-logging/3.3.0.Final/jboss-logging-3.3.0.Final.jar
7fe394002000-7fe394010000 r--s 00084000 08:02 1329104                    /home/denis/.m2/repository/org/springframework/spring-test/4.3.4.RELEASE/spring-test-4.3.4.RELEASE.jar
7fe394010000-7fe39402b000 r--s 00394000 08:02 791457                     /usr/lib/jvm/java-8-openjdk-amd64/jre/lib/ext/cldrdata.jar
7fe39402b000-7fe3940db000 rw-p 00000000 00:00 0 
7fe3940db000-7fe3942a9000 r--s 03bf1000 08:02 791476                     /usr/lib/jvm/java-8-openjdk-amd64/jre/lib/rt.jar
7fe3942a9000-7fe394cfd000 rw-p 00000000 00:00 0 
7fe394cfd000-7fe394cfe000 ---p 00000000 00:00 0 
7fe394cfe000-7fe394dfe000 rw-p 00000000 00:00 0                          [stack:13847]
7fe394dfe000-7fe394dff000 ---p 00000000 00:00 0 
7fe394dff000-7fe394eff000 rw-p 00000000 00:00 0                          [stack:13846]
7fe394eff000-7fe394f00000 ---p 00000000 00:00 0 
7fe394f00000-7fe395000000 rw-p 00000000 00:00 0                          [stack:13845]
7fe395000000-7fe395940000 rwxp 00000000 00:00 0 
7fe395940000-7fe3a4000000 ---p 00000000 00:00 0 
7fe3a4000000-7fe3a54e3000 rw-p 00000000 00:00 0 
7fe3a54e3000-7fe3a8000000 ---p 00000000 00:00 0 
7fe3a8000000-7fe3a8002000 r--s 0000e000 08:02 1480383                    /home/denis/.m2/repository/commons-logging/commons-logging/1.2/commons-logging-1.2.jar
7fe3a8002000-7fe3a8003000 r--s 00000000 08:02 791755                     /usr/lib/jvm/java-8-openjdk-amd64/jre/lib/management-agent.jar
7fe3a8003000-7fe3a8007000 r--s 00097000 08:02 791761                     /usr/lib/jvm/java-8-openjdk-amd64/jre/lib/jsse.jar
7fe3a8007000-7fe3a800a000 r--s 00015000 08:02 791757                     /usr/lib/jvm/java-8-openjdk-amd64/jre/lib/jce.jar
7fe3a800a000-7fe3a800f000 r--s 002f9000 08:02 791754                     /usr/lib/jvm/java-8-openjdk-amd64/jre/lib/charsets.jar
7fe3a800f000-7fe3a8011000 r--s 0001d000 08:02 1458488                    /home/denis/bin/idea-IU-163.7743.44/plugins/junit/lib/junit-rt.jar
7fe3a8011000-7fe3a8013000 r--s 00019000 08:02 657006                     /home/denis/bin/idea-IU-163.7743.44/lib/idea_rt.jar
7fe3a8013000-7fe3a8018000 r--s 0003b000 08:02 791459                     /usr/lib/jvm/java-8-openjdk-amd64/jre/lib/ext/sunjce_provider.jar
7fe3a8018000-7fe3a801a000 r--s 00008000 08:02 791462                     /usr/lib/jvm/java-8-openjdk-amd64/jre/lib/ext/sunec.jar
7fe3a801a000-7fe3a801b000 ---p 00000000 00:00 0 
7fe3a801b000-7fe3a812b000 rw-p 00000000 00:00 0                          [stack:13841]
7fe3a812b000-7fe3a825a000 ---p 00000000 00:00 0 
7fe3a825a000-7fe3a826a000 rw-p 00000000 00:00 0 
7fe3a826a000-7fe3a8398000 ---p 00000000 00:00 0 
7fe3a8398000-7fe3a83dd000 rw-p 00000000 00:00 0 
7fe3a83dd000-7fe3a8438000 ---p 00000000 00:00 0 
7fe3a8438000-7fe3a845e000 rw-p 00000000 00:00 0 
7fe3a845e000-7fe3a87f9000 ---p 00000000 00:00 0 
7fe3a87f9000-7fe3a8801000 r-xp 00000000 08:02 791428                     /usr/lib/jvm/java-8-openjdk-amd64/jre/lib/amd64/libzip.so
7fe3a8801000-7fe3a8a00000 ---p 00008000 08:02 791428                     /usr/lib/jvm/java-8-openjdk-amd64/jre/lib/amd64/libzip.so
7fe3a8a00000-7fe3a8a01000 r--p 00007000 08:02 791428                     /usr/lib/jvm/java-8-openjdk-amd64/jre/lib/amd64/libzip.so
7fe3a8a01000-7fe3a8a02000 rw-p 00008000 08:02 791428                     /usr/lib/jvm/java-8-openjdk-amd64/jre/lib/amd64/libzip.so
7fe3a8a02000-7fe3a8a0d000 r-xp 00000000 08:02 664180                     /lib/x86_64-linux-gnu/libnss_files-2.23.so
7fe3a8a0d000-7fe3a8c0c000 ---p 0000b000 08:02 664180                     /lib/x86_64-linux-gnu/libnss_files-2.23.so
7fe3a8c0c000-7fe3a8c0d000 r--p 0000a000 08:02 664180                     /lib/x86_64-linux-gnu/libnss_files-2.23.so
7fe3a8c0d000-7fe3a8c0e000 rw-p 0000b000 08:02 664180                     /lib/x86_64-linux-gnu/libnss_files-2.23.so
7fe3a8c0e000-7fe3a8c14000 rw-p 00000000 00:00 0 
7fe3a8c14000-7fe3a8c1f000 r-xp 00000000 08:02 664074                     /lib/x86_64-linux-gnu/libnss_nis-2.23.so
7fe3a8c1f000-7fe3a8e1e000 ---p 0000b000 08:02 664074                     /lib/x86_64-linux-gnu/libnss_nis-2.23.so
7fe3a8e1e000-7fe3a8e1f000 r--p 0000a000 08:02 664074                     /lib/x86_64-linux-gnu/libnss_nis-2.23.so
7fe3a8e1f000-7fe3a8e20000 rw-p 0000b000 08:02 664074                     /lib/x86_64-linux-gnu/libnss_nis-2.23.so
7fe3a8e20000-7fe3a8e36000 r-xp 00000000 08:02 664163                     /lib/x86_64-linux-gnu/libnsl-2.23.so
7fe3a8e36000-7fe3a9035000 ---p 00016000 08:02 664163                     /lib/x86_64-linux-gnu/libnsl-2.23.so
7fe3a9035000-7fe3a9036000 r--p 00015000 08:02 664163                     /lib/x86_64-linux-gnu/libnsl-2.23.so
7fe3a9036000-7fe3a9037000 rw-p 00016000 08:02 664163                     /lib/x86_64-linux-gnu/libnsl-2.23.so
7fe3a9037000-7fe3a9039000 rw-p 00000000 00:00 0 
7fe3a9039000-7fe3a9041000 r-xp 00000000 08:02 664167                     /lib/x86_64-linux-gnu/libnss_compat-2.23.so
7fe3a9041000-7fe3a9240000 ---p 00008000 08:02 664167                     /lib/x86_64-linux-gnu/libnss_compat-2.23.so
7fe3a9240000-7fe3a9241000 r--p 00007000 08:02 664167                     /lib/x86_64-linux-gnu/libnss_compat-2.23.so
7fe3a9241000-7fe3a9242000 rw-p 00008000 08:02 664167                     /lib/x86_64-linux-gnu/libnss_compat-2.23.so
7fe3a9242000-7fe3a926f000 r-xp 00000000 08:02 791419                     /usr/lib/jvm/java-8-openjdk-amd64/jre/lib/amd64/libjava.so
7fe3a926f000-7fe3a946e000 ---p 0002d000 08:02 791419                     /usr/lib/jvm/java-8-openjdk-amd64/jre/lib/amd64/libjava.so
7fe3a946e000-7fe3a946f000 r--p 0002c000 08:02 791419                     /usr/lib/jvm/java-8-openjdk-amd64/jre/lib/amd64/libjava.so
7fe3a946f000-7fe3a9471000 rw-p 0002d000 08:02 791419                     /usr/lib/jvm/java-8-openjdk-amd64/jre/lib/amd64/libjava.so
7fe3a9471000-7fe3a9480000 r-xp 00000000 08:02 791426                     /usr/lib/jvm/java-8-openjdk-amd64/jre/lib/amd64/libverify.so
7fe3a9480000-7fe3a967f000 ---p 0000f000 08:02 791426                     /usr/lib/jvm/java-8-openjdk-amd64/jre/lib/amd64/libverify.so
7fe3a967f000-7fe3a9681000 r--p 0000e000 08:02 791426                     /usr/lib/jvm/java-8-openjdk-amd64/jre/lib/amd64/libverify.so
7fe3a9681000-7fe3a9682000 rw-p 00010000 08:02 791426                     /usr/lib/jvm/java-8-openjdk-amd64/jre/lib/amd64/libverify.so
7fe3a9682000-7fe3a9689000 r-xp 00000000 08:02 664071                     /lib/x86_64-linux-gnu/librt-2.23.so
7fe3a9689000-7fe3a9888000 ---p 00007000 08:02 664071                     /lib/x86_64-linux-gnu/librt-2.23.so
7fe3a9888000-7fe3a9889000 r--p 00006000 08:02 664071                     /lib/x86_64-linux-gnu/librt-2.23.so
7fe3a9889000-7fe3a988a000 rw-p 00007000 08:02 664071                     /lib/x86_64-linux-gnu/librt-2.23.so
7fe3a988a000-7fe3a98a0000 r-xp 00000000 08:02 660596                     /lib/x86_64-linux-gnu/libgcc_s.so.1
7fe3a98a0000-7fe3a9a9f000 ---p 00016000 08:02 660596                     /lib/x86_64-linux-gnu/libgcc_s.so.1
7fe3a9a9f000-7fe3a9aa0000 rw-p 00015000 08:02 660596                     /lib/x86_64-linux-gnu/libgcc_s.so.1
7fe3a9aa0000-7fe3a9ba8000 r-xp 00000000 08:02 664154                     /lib/x86_64-linux-gnu/libm-2.23.so
7fe3a9ba8000-7fe3a9da7000 ---p 00108000 08:02 664154                     /lib/x86_64-linux-gnu/libm-2.23.so
7fe3a9da7000-7fe3a9da8000 r--p 00107000 08:02 664154                     /lib/x86_64-linux-gnu/libm-2.23.so
7fe3a9da8000-7fe3a9da9000 rw-p 00108000 08:02 664154                     /lib/x86_64-linux-gnu/libm-2.23.so
7fe3a9da9000-7fe3a9f1b000 r-xp 00000000 08:02 918872                     /usr/lib/x86_64-linux-gnu/libstdc++.so.6.0.21
7fe3a9f1b000-7fe3aa11b000 ---p 00172000 08:02 918872                     /usr/lib/x86_64-linux-gnu/libstdc++.so.6.0.21
7fe3aa11b000-7fe3aa125000 r--p 00172000 08:02 918872                     /usr/lib/x86_64-linux-gnu/libstdc++.so.6.0.21
7fe3aa125000-7fe3aa127000 rw-p 0017c000 08:02 918872                     /usr/lib/x86_64-linux-gnu/libstdc++.so.6.0.21
7fe3aa127000-7fe3aa12b000 rw-p 00000000 00:00 0 
7fe3aa12b000-7fe3aad7a000 r-xp 00000000 08:02 791429                     /usr/lib/jvm/java-8-openjdk-amd64/jre/lib/amd64/server/libjvm.so
7fe3aad7a000-7fe3aaf79000 ---p 00c4f000 08:02 791429                     /usr/lib/jvm/java-8-openjdk-amd64/jre/lib/amd64/server/libjvm.so
7fe3aaf79000-7fe3ab00c000 r--p 00c4e000 08:02 791429                     /usr/lib/jvm/java-8-openjdk-amd64/jre/lib/amd64/server/libjvm.so
7fe3ab00c000-7fe3ab035000 rw-p 00ce1000 08:02 791429                     /usr/lib/jvm/java-8-openjdk-amd64/jre/lib/amd64/server/libjvm.so
7fe3ab035000-7fe3ab065000 rw-p 00000000 00:00 0 
7fe3ab065000-7fe3ab07d000 r-xp 00000000 08:02 664159                     /lib/x86_64-linux-gnu/libpthread-2.23.so
7fe3ab07d000-7fe3ab27c000 ---p 00018000 08:02 664159                     /lib/x86_64-linux-gnu/libpthread-2.23.so
7fe3ab27c000-7fe3ab27d000 r--p 00017000 08:02 664159                     /lib/x86_64-linux-gnu/libpthread-2.23.so
7fe3ab27d000-7fe3ab27e000 rw-p 00018000 08:02 664159                     /lib/x86_64-linux-gnu/libpthread-2.23.so
7fe3ab27e000-7fe3ab282000 rw-p 00000000 00:00 0 
7fe3ab282000-7fe3ab285000 r-xp 00000000 08:02 664082                     /lib/x86_64-linux-gnu/libdl-2.23.so
7fe3ab285000-7fe3ab484000 ---p 00003000 08:02 664082                     /lib/x86_64-linux-gnu/libdl-2.23.so
7fe3ab484000-7fe3ab485000 r--p 00002000 08:02 664082                     /lib/x86_64-linux-gnu/libdl-2.23.so
7fe3ab485000-7fe3ab486000 rw-p 00003000 08:02 664082                     /lib/x86_64-linux-gnu/libdl-2.23.so
7fe3ab486000-7fe3ab49f000 r-xp 00000000 08:02 660749                     /lib/x86_64-linux-gnu/libz.so.1.2.8
7fe3ab49f000-7fe3ab69e000 ---p 00019000 08:02 660749                     /lib/x86_64-linux-gnu/libz.so.1.2.8
7fe3ab69e000-7fe3ab69f000 r--p 00018000 08:02 660749                     /lib/x86_64-linux-gnu/libz.so.1.2.8
7fe3ab69f000-7fe3ab6a0000 rw-p 00019000 08:02 660749                     /lib/x86_64-linux-gnu/libz.so.1.2.8
7fe3ab6a0000-7fe3ab85f000 r-xp 00000000 08:02 664105                     /lib/x86_64-linux-gnu/libc-2.23.so
7fe3ab85f000-7fe3aba5f000 ---p 001bf000 08:02 664105                     /lib/x86_64-linux-gnu/libc-2.23.so
7fe3aba5f000-7fe3aba63000 r--p 001bf000 08:02 664105                     /lib/x86_64-linux-gnu/libc-2.23.so
7fe3aba63000-7fe3aba65000 rw-p 001c3000 08:02 664105                     /lib/x86_64-linux-gnu/libc-2.23.so
7fe3aba65000-7fe3aba69000 rw-p 00000000 00:00 0 
7fe3aba69000-7fe3aba76000 r-xp 00000000 08:02 791425                     /usr/lib/jvm/java-8-openjdk-amd64/jre/lib/amd64/jli/libjli.so
7fe3aba76000-7fe3abc76000 ---p 0000d000 08:02 791425                     /usr/lib/jvm/java-8-openjdk-amd64/jre/lib/amd64/jli/libjli.so
7fe3abc76000-7fe3abc77000 r--p 0000d000 08:02 791425                     /usr/lib/jvm/java-8-openjdk-amd64/jre/lib/amd64/jli/libjli.so
7fe3abc77000-7fe3abc78000 rw-p 0000e000 08:02 791425                     /usr/lib/jvm/java-8-openjdk-amd64/jre/lib/amd64/jli/libjli.so
7fe3abc78000-7fe3abc9e000 r-xp 00000000 08:02 661273                     /lib/x86_64-linux-gnu/ld-2.23.so
7fe3abc9e000-7fe3abc9f000 r--s 0000a000 08:02 791461                     /usr/lib/jvm/java-8-openjdk-amd64/jre/lib/ext/jaccess.jar
7fe3abc9f000-7fe3abca1000 r--s 00001000 08:02 791466                     /usr/lib/jvm/java-8-openjdk-amd64/jre/lib/ext/dnsns.jar
7fe3abca1000-7fe3abd79000 rw-p 00000000 00:00 0 
7fe3abd79000-7fe3abd7c000 ---p 00000000 00:00 0 
7fe3abd7c000-7fe3abe7f000 rw-p 00000000 00:00 0                          [stack:13838]
7fe3abe7f000-7fe3abe80000 r--s 00010000 08:02 791464                     /usr/lib/jvm/java-8-openjdk-amd64/jre/lib/ext/zipfs.jar
7fe3abe80000-7fe3abe8a000 r--s 00116000 08:02 791463                     /usr/lib/jvm/java-8-openjdk-amd64/jre/lib/ext/localedata.jar
7fe3abe8a000-7fe3abe8d000 r--s 0000f000 08:02 791465                     /usr/lib/jvm/java-8-openjdk-amd64/jre/lib/ext/icedtea-sound.jar
7fe3abe8d000-7fe3abe91000 r--s 00037000 08:02 791460                     /usr/lib/jvm/java-8-openjdk-amd64/jre/lib/ext/sunpkcs11.jar
7fe3abe91000-7fe3abe99000 rw-s 00000000 08:02 1052595                    /tmp/hsperfdata_denis/13837
7fe3abe99000-7fe3abe9a000 rw-p 00000000 00:00 0 
7fe3abe9a000-7fe3abe9b000 ---p 00000000 00:00 0 
7fe3abe9b000-7fe3abe9d000 rw-p 00000000 00:00 0 
7fe3abe9d000-7fe3abe9e000 r--p 00025000 08:02 661273                     /lib/x86_64-linux-gnu/ld-2.23.so
7fe3abe9e000-7fe3abe9f000 rw-p 00026000 08:02 661273                     /lib/x86_64-linux-gnu/ld-2.23.so
7fe3abe9f000-7fe3abea0000 rw-p 00000000 00:00 0 
7ffd1cace000-7ffd1caf0000 rw-p 00000000 00:00 0                          [stack]
7ffd1cb05000-7ffd1cb07000 r--p 00000000 00:00 0                          [vvar]
7ffd1cb07000-7ffd1cb09000 r-xp 00000000 00:00 0                          [vdso]
ffffffffff600000-ffffffffff601000 r-xp 00000000 00:00 0                  [vsyscall]

VM Arguments:
jvm_args: -ea -Didea.launcher.port=7532 -Didea.launcher.bin.path=/home/denis/bin/idea-IU-163.7743.44/bin -Dfile.encoding=UTF-8 
java_command: com.intellij.rt.execution.application.AppMain com.intellij.rt.execution.junit.JUnitStarter -ideVersion5 cz.muni.fi.pa165.service.ServiceServiceTest,testCreate_serviceNull
java_class_path (initial): /home/denis/bin/idea-IU-163.7743.44/lib/idea_rt.jar:/home/denis/bin/idea-IU-163.7743.44/plugins/junit/lib/junit-rt.jar:/usr/lib/jvm/java-8-openjdk-amd64/jre/lib/charsets.jar:/usr/lib/jvm/java-8-openjdk-amd64/jre/lib/ext/cldrdata.jar:/usr/lib/jvm/java-8-openjdk-amd64/jre/lib/ext/dnsns.jar:/usr/lib/jvm/java-8-openjdk-amd64/jre/lib/ext/icedtea-sound.jar:/usr/lib/jvm/java-8-openjdk-amd64/jre/lib/ext/jaccess.jar:/usr/lib/jvm/java-8-openjdk-amd64/jre/lib/ext/localedata.jar:/usr/lib/jvm/java-8-openjdk-amd64/jre/lib/ext/nashorn.jar:/usr/lib/jvm/java-8-openjdk-amd64/jre/lib/ext/sunec.jar:/usr/lib/jvm/java-8-openjdk-amd64/jre/lib/ext/sunjce_provider.jar:/usr/lib/jvm/java-8-openjdk-amd64/jre/lib/ext/sunpkcs11.jar:/usr/lib/jvm/java-8-openjdk-amd64/jre/lib/ext/zipfs.jar:/usr/lib/jvm/java-8-openjdk-amd64/jre/lib/jce.jar:/usr/lib/jvm/java-8-openjdk-amd64/jre/lib/jsse.jar:/usr/lib/jvm/java-8-openjdk-amd64/jre/lib/management-agent.jar:/usr/lib/jvm/java-8-openjdk-amd64/jre/lib/resources.jar:/usr/lib/jvm/java-8-openjdk-amd64/jre/lib/rt.jar:/home/denis/IdeaProjects/Dog-barbershop/service/target/test-classes:/home/denis/IdeaProjects/Dog-barbershop/service/target/classes:/home/denis/IdeaProjects/Dog-barbershop/persistence/target/classes:/home/denis/.m2/repository/org/springframework/spring-test/4.3.4.RELEASE/spring-test-4.3.4.RELEASE.jar:/home/denis/.m2/repository/org/springframework/spring-core/4.3.4.RELEASE/spring-core-4.3.4.RELEASE.jar:/home/denis/.m2/repository/commons-logging/commons-logging/1.2/commons-logging-1.2.jar:/home/denis/.m2/repository/org/springframework/spring-orm/4.3.4.RELEASE/spring-orm-4.3.4.RELEASE.jar:/home/denis/.m2/repository/org/springframework/spring-beans/4.3.4.RELEASE/spring-beans-4.3.4.RELEASE.jar:/home/denis/.m2/repository/org/springframework/spring-jdbc/4.3.4.RELEASE/spring-jdbc-4.3.4.RELEASE.jar:/home/denis/.m2/repository/org/springframework/spring-context/4.3.4.RELEASE/spring-context-4.3.4.RELEASE.jar:/home/denis/.m2/repositor
Launcher Type: SUN_STANDARD

Environment Variables:
PATH=/home/denis/bin:/usr/local/sbin:/usr/local/bin:/usr/sbin:/usr/bin:/sbin:/bin:/usr/games:/usr/local/games:/snap/bin
LD_LIBRARY_PATH=/home/denis/bin/idea-IU-163.7743.44/bin:
SHELL=/bin/bash
DISPLAY=:0

Signal Handlers:
SIGSEGV: [libjvm.so+0xa65880], sa_mask[0]=11111111011111111101111111111110, sa_flags=SA_RESTART|SA_SIGINFO
SIGBUS: [libjvm.so+0xa65880], sa_mask[0]=11111111011111111101111111111110, sa_flags=SA_RESTART|SA_SIGINFO
SIGFPE: [libjvm.so+0x8af1c0], sa_mask[0]=11111111011111111101111111111110, sa_flags=SA_RESTART|SA_SIGINFO
SIGPIPE: [libjvm.so+0x8af1c0], sa_mask[0]=11111111011111111101111111111110, sa_flags=SA_RESTART|SA_SIGINFO
SIGXFSZ: [libjvm.so+0x8af1c0], sa_mask[0]=11111111011111111101111111111110, sa_flags=SA_RESTART|SA_SIGINFO
SIGILL: [libjvm.so+0x8af1c0], sa_mask[0]=11111111011111111101111111111110, sa_flags=SA_RESTART|SA_SIGINFO
SIGUSR1: SIG_DFL, sa_mask[0]=00000000000000000000000000000000, sa_flags=none
SIGUSR2: [libjvm.so+0x8af070], sa_mask[0]=00100000000000000000000000000000, sa_flags=SA_RESTART|SA_SIGINFO
SIGHUP: [libjvm.so+0x8af540], sa_mask[0]=11111111011111111101111111111110, sa_flags=SA_RESTART|SA_SIGINFO
SIGINT: [libjvm.so+0x8af540], sa_mask[0]=11111111011111111101111111111110, sa_flags=SA_RESTART|SA_SIGINFO
SIGTERM: [libjvm.so+0x8af540], sa_mask[0]=11111111011111111101111111111110, sa_flags=SA_RESTART|SA_SIGINFO
SIGQUIT: [libjvm.so+0x8af540], sa_mask[0]=11111111011111111101111111111110, sa_flags=SA_RESTART|SA_SIGINFO


---------------  S Y S T E M  ---------------

OS:DISTRIB_ID=Ubuntu
DISTRIB_RELEASE=16.04
DISTRIB_CODENAME=xenial
DISTRIB_DESCRIPTION="Ubuntu 16.04.1 LTS"

uname:Linux 4.4.14-040414-generic #201606241434 SMP Fri Jun 24 18:36:45 UTC 2016 x86_64
libc:glibc 2.23 NPTL 2.23 
rlimit: STACK 8192k, CORE 0k, NPROC 15135, NOFILE 65536, AS infinity
load average:7.66 2.62 1.74

/proc/meminfo:
MemTotal:        3912840 kB
MemFree:          111156 kB
MemAvailable:      50856 kB
Buffers:             348 kB
Cached:           148128 kB
SwapCached:         5596 kB
Active:          2687384 kB
Inactive:         876224 kB
Active(anon):    2682856 kB
Inactive(anon):   871616 kB
Active(file):       4528 kB
Inactive(file):     4608 kB
Unevictable:        1440 kB
Mlocked:            1440 kB
SwapTotal:        976556 kB
SwapFree:              0 kB
Dirty:                96 kB
Writeback:             0 kB
AnonPages:       3414164 kB
Mapped:            46500 kB
Shmem:            137228 kB
Slab:              83520 kB
SReclaimable:      39200 kB
SUnreclaim:        44320 kB
KernelStack:       14944 kB
PageTables:        64912 kB
NFS_Unstable:          0 kB
Bounce:                0 kB
WritebackTmp:          0 kB
CommitLimit:     2932976 kB
Committed_AS:   12238324 kB
VmallocTotal:   34359738367 kB
VmallocUsed:           0 kB
VmallocChunk:          0 kB
HardwareCorrupted:     0 kB
AnonHugePages:    968704 kB
CmaTotal:              0 kB
CmaFree:               0 kB
HugePages_Total:       0
HugePages_Free:        0
HugePages_Rsvd:        0
HugePages_Surp:        0
Hugepagesize:       2048 kB
DirectMap4k:      163712 kB
DirectMap2M:     3895296 kB


CPU:total 4 (2 cores per cpu, 2 threads per core) family 6 model 37 stepping 2, cmov, cx8, fxsr, mmx, sse, sse2, sse3, ssse3, sse4.1, sse4.2, popcnt, ht, tsc, tscinvbit

/proc/cpuinfo:
processor	: 0
vendor_id	: GenuineIntel
cpu family	: 6
model		: 37
model name	: Intel(R) Core(TM) i3 CPU         530  @ 2.93GHz
stepping	: 2
microcode	: 0xe
cpu MHz		: 1995.000
cache size	: 4096 KB
physical id	: 0
siblings	: 4
core id		: 0
cpu cores	: 2
apicid		: 0
initial apicid	: 0
fpu		: yes
fpu_exception	: yes
cpuid level	: 11
wp		: yes
flags		: fpu vme de pse tsc msr pae mce cx8 apic sep mtrr pge mca cmov pat pse36 clflush dts acpi mmx fxsr sse sse2 ss ht tm pbe syscall nx rdtscp lm constant_tsc arch_perfmon pebs bts rep_good nopl xtopology nonstop_tsc aperfmperf pni dtes64 monitor ds_cpl vmx est tm2 ssse3 cx16 xtpr pdcm sse4_1 sse4_2 popcnt lahf_lm arat dtherm tpr_shadow vnmi flexpriority ept vpid
bugs		:
bogomips	: 5862.43
clflush size	: 64
cache_alignment	: 64
address sizes	: 36 bits physical, 48 bits virtual
power management:

processor	: 1
vendor_id	: GenuineIntel
cpu family	: 6
model		: 37
model name	: Intel(R) Core(TM) i3 CPU         530  @ 2.93GHz
stepping	: 2
microcode	: 0xe
cpu MHz		: 1995.000
cache size	: 4096 KB
physical id	: 0
siblings	: 4
core id		: 2
cpu cores	: 2
apicid		: 4
initial apicid	: 4
fpu		: yes
fpu_exception	: yes
cpuid level	: 11
wp		: yes
flags		: fpu vme de pse tsc msr pae mce cx8 apic sep mtrr pge mca cmov pat pse36 clflush dts acpi mmx fxsr sse sse2 ss ht tm pbe syscall nx rdtscp lm constant_tsc arch_perfmon pebs bts rep_good nopl xtopology nonstop_tsc aperfmperf pni dtes64 monitor ds_cpl vmx est tm2 ssse3 cx16 xtpr pdcm sse4_1 sse4_2 popcnt lahf_lm arat dtherm tpr_shadow vnmi flexpriority ept vpid
bugs		:
bogomips	: 5862.43
clflush size	: 64
cache_alignment	: 64
address sizes	: 36 bits physical, 48 bits virtual
power management:

processor	: 2
vendor_id	: GenuineIntel
cpu family	: 6
model		: 37
model name	: Intel(R) Core(TM) i3 CPU         530  @ 2.93GHz
stepping	: 2
microcode	: 0xe
cpu MHz		: 1995.000
cache size	: 4096 KB
physical id	: 0
siblings	: 4
core id		: 0
cpu cores	: 2
apicid		: 1
initial apicid	: 1
fpu		: yes
fpu_exception	: yes
cpuid level	: 11
wp		: yes
flags		: fpu vme de pse tsc msr pae mce cx8 apic sep mtrr pge mca cmov pat pse36 clflush dts acpi mmx fxsr sse sse2 ss ht tm pbe syscall nx rdtscp lm constant_tsc arch_perfmon pebs bts rep_good nopl xtopology nonstop_tsc aperfmperf pni dtes64 monitor ds_cpl vmx est tm2 ssse3 cx16 xtpr pdcm sse4_1 sse4_2 popcnt lahf_lm arat dtherm tpr_shadow vnmi flexpriority ept vpid
bugs		:
bogomips	: 5862.43
clflush size	: 64
cache_alignment	: 64
address sizes	: 36 bits physical, 48 bits virtual
power management:

processor	: 3
vendor_id	: GenuineIntel
cpu family	: 6
model		: 37
model name	: Intel(R) Core(TM) i3 CPU         530  @ 2.93GHz
stepping	: 2
microcode	: 0xe
cpu MHz		: 1995.000
cache size	: 4096 KB
physical id	: 0
siblings	: 4
core id		: 2
cpu cores	: 2
apicid		: 5
initial apicid	: 5
fpu		: yes
fpu_exception	: yes
cpuid level	: 11
wp		: yes
flags		: fpu vme de pse tsc msr pae mce cx8 apic sep mtrr pge mca cmov pat pse36 clflush dts acpi mmx fxsr sse sse2 ss ht tm pbe syscall nx rdtscp lm constant_tsc arch_perfmon pebs bts rep_good nopl xtopology nonstop_tsc aperfmperf pni dtes64 monitor ds_cpl vmx est tm2 ssse3 cx16 xtpr pdcm sse4_1 sse4_2 popcnt lahf_lm arat dtherm tpr_shadow vnmi flexpriority ept vpid
bugs		:
bogomips	: 5862.43
clflush size	: 64
cache_alignment	: 64
address sizes	: 36 bits physical, 48 bits virtual
power management:



Memory: 4k page, physical 3912840k(112120k free), swap 976556k(0k free)

vm_info: OpenJDK 64-Bit Server VM (25.111-b14) for linux-amd64 JRE (1.8.0_111-8u111-b14-2ubuntu0.16.04.2-b14), built on Oct 27 2016 18:10:19 by "buildd" with gcc 5.4.0 20160609

time: Mon Dec 12 23:41:37 2016
elapsed time: 28 seconds (0d 0h 0m 28s)

